mode: set
simplebank/db/sqlc/account.sql.go:28.96,39.2 4 1
simplebank/db/sqlc/account.sql.go:45.70,48.2 2 1
simplebank/db/sqlc/account.sql.go:55.78,66.2 4 1
simplebank/db/sqlc/account.sql.go:80.96,82.16 2 1
simplebank/db/sqlc/account.sql.go:82.16,84.3 1 0
simplebank/db/sqlc/account.sql.go:85.2,87.18 3 1
simplebank/db/sqlc/account.sql.go:87.18,95.17 2 1
simplebank/db/sqlc/account.sql.go:95.17,97.4 1 0
simplebank/db/sqlc/account.sql.go:98.3,98.27 1 1
simplebank/db/sqlc/account.sql.go:100.2,100.37 1 1
simplebank/db/sqlc/account.sql.go:100.37,102.3 1 0
simplebank/db/sqlc/account.sql.go:103.2,103.35 1 1
simplebank/db/sqlc/account.sql.go:103.35,105.3 1 0
simplebank/db/sqlc/account.sql.go:106.2,106.19 1 1
simplebank/db/sqlc/account.sql.go:121.96,132.2 4 1
simplebank/db/sqlc/db.go:19.28,21.2 1 1
simplebank/db/sqlc/db.go:27.47,31.2 1 0
simplebank/db/sqlc/entry.sql.go:26.90,36.2 4 1
simplebank/db/sqlc/entry.sql.go:42.68,45.2 2 0
simplebank/db/sqlc/entry.sql.go:52.74,62.2 4 1
simplebank/db/sqlc/entry.sql.go:76.92,78.16 2 0
simplebank/db/sqlc/entry.sql.go:78.16,80.3 1 0
simplebank/db/sqlc/entry.sql.go:81.2,83.18 3 0
simplebank/db/sqlc/entry.sql.go:83.18,90.17 2 0
simplebank/db/sqlc/entry.sql.go:90.17,92.4 1 0
simplebank/db/sqlc/entry.sql.go:93.3,93.27 1 0
simplebank/db/sqlc/entry.sql.go:95.2,95.37 1 0
simplebank/db/sqlc/entry.sql.go:95.37,97.3 1 0
simplebank/db/sqlc/entry.sql.go:98.2,98.35 1 0
simplebank/db/sqlc/entry.sql.go:98.35,100.3 1 0
simplebank/db/sqlc/entry.sql.go:101.2,101.19 1 0
simplebank/db/sqlc/entry.sql.go:116.90,126.2 4 0
simplebank/db/sqlc/store.go:14.34,19.2 1 1
simplebank/db/sqlc/store.go:21.81,23.16 2 1
simplebank/db/sqlc/store.go:23.16,25.3 1 0
simplebank/db/sqlc/store.go:26.2,28.15 3 1
simplebank/db/sqlc/store.go:28.15,29.42 1 0
simplebank/db/sqlc/store.go:29.42,31.4 1 0
simplebank/db/sqlc/store.go:32.3,32.13 1 0
simplebank/db/sqlc/store.go:35.2,35.20 1 1
simplebank/db/sqlc/store.go:54.100,57.50 2 1
simplebank/db/sqlc/store.go:57.50,64.16 3 1
simplebank/db/sqlc/store.go:64.16,66.4 1 0
simplebank/db/sqlc/store.go:68.3,72.16 2 1
simplebank/db/sqlc/store.go:72.16,74.4 1 0
simplebank/db/sqlc/store.go:76.3,80.16 2 1
simplebank/db/sqlc/store.go:80.16,82.4 1 0
simplebank/db/sqlc/store.go:88.3,88.13 1 1
simplebank/db/sqlc/store.go:91.2,91.20 1 1
simplebank/db/sqlc/transfer.sql.go:28.99,39.2 4 1
simplebank/db/sqlc/transfer.sql.go:45.71,48.2 2 0
simplebank/db/sqlc/transfer.sql.go:55.80,66.2 4 1
simplebank/db/sqlc/transfer.sql.go:80.99,82.16 2 0
simplebank/db/sqlc/transfer.sql.go:82.16,84.3 1 0
simplebank/db/sqlc/transfer.sql.go:85.2,87.18 3 0
simplebank/db/sqlc/transfer.sql.go:87.18,95.17 2 0
simplebank/db/sqlc/transfer.sql.go:95.17,97.4 1 0
simplebank/db/sqlc/transfer.sql.go:98.3,98.27 1 0
simplebank/db/sqlc/transfer.sql.go:100.2,100.37 1 0
simplebank/db/sqlc/transfer.sql.go:100.37,102.3 1 0
simplebank/db/sqlc/transfer.sql.go:103.2,103.35 1 0
simplebank/db/sqlc/transfer.sql.go:103.35,105.3 1 0
simplebank/db/sqlc/transfer.sql.go:106.2,106.19 1 0
simplebank/db/sqlc/transfer.sql.go:121.99,132.2 4 0
